<?xml version="1.0" encoding="UTF-8"?>
<!-- Generated by org.testng.reporters.JUnitReportReporter -->
<testsuite hostname="DESKTOP-LGJFQFR" failures="0" tests="2" name="com.picsniff.testcases.TC_SignInDataDriven" time="40.651" errors="0" timestamp="2022-12-22T18:28:22 IST" skipped="0">
  <testcase classname="com.picsniff.testcases.TC_SignInDataDriven" name="verifySignIn" time="19.091"/>
  <system-out/>
  <testcase classname="com.picsniff.testcases.TC_SignInDataDriven" name="verifySignIn" time="21.560"/>
  <system-out/>
</testsuite> <!-- com.picsniff.testcases.TC_SignInDataDriven -->
