<?xml version="1.0" encoding="UTF-8"?>
<!-- Generated by org.testng.reporters.JUnitReportReporter -->
<testsuite hostname="DESKTOP-LGJFQFR" failures="0" tests="1" name="com.picsniff.testcases.TC_SignIn" time="15.447" errors="0" timestamp="2022-12-22T17:27:22 IST" skipped="0">
  <testcase classname="com.picsniff.testcases.TC_SignIn" name="verifySignIn" time="15.447"/>
  <system-out/>
</testsuite> <!-- com.picsniff.testcases.TC_SignIn -->
