<?xml version="1.0" encoding="UTF-8"?>
<!-- Generated by org.testng.reporters.JUnitReportReporter -->
<testsuite hostname="DESKTOP-LGJFQFR" failures="0" tests="1" name="com.picsniff.testcases.TC_DownLoads" time="33.884" errors="0" timestamp="2022-12-22T01:47:50 IST" skipped="0">
  <testcase classname="com.picsniff.testcases.TC_DownLoads" name="verifyDownloads" time="33.884"/>
  <system-out/>
</testsuite> <!-- com.picsniff.testcases.TC_DownLoads -->
