<?xml version="1.0" encoding="UTF-8"?>
<!-- Generated by org.testng.reporters.JUnitReportReporter -->
<testsuite hostname="DESKTOP-LGJFQFR" failures="0" tests="2" name="com.picsniff.testcases.TC_SignInDataDriven" time="41.878" errors="0" timestamp="2023-01-04T09:18:45 IST" skipped="0">
  <testcase classname="com.picsniff.testcases.TC_SignInDataDriven" name="verifySignIn" time="22.753"/>
  <system-out/>
  <testcase classname="com.picsniff.testcases.TC_SignInDataDriven" name="verifySignIn" time="19.125"/>
  <system-out/>
</testsuite> <!-- com.picsniff.testcases.TC_SignInDataDriven -->
